<?xml version="1.0" encoding="UTF-8"?>
<testsuite name="com.jacobsmith.example.vertx_starter.TestMainVerticle" tests="1" skipped="0" failures="0" errors="0" timestamp="2022-12-07T22:58:51" hostname="Jacobs-MBP.hsd1.il.comcast.net" time="0.669">
  <properties/>
  <testcase name="verticle_deployed(Vertx, VertxTestContext)" classname="com.jacobsmith.example.vertx_starter.TestMainVerticle" time="0.669"/>
  <system-out><![CDATA[16:58:51.510 [Test worker] WARN  io.netty.resolver.dns.DnsServerAddressStreamProviders - Can not find io.netty.resolver.dns.macos.MacOSDnsServerAddressStreamProvider in the classpath, fallback to system defaults. This may result in incorrect DNS resolutions on MacOS. Check whether you have a dependency on 'io.netty:netty-resolver-dns-native-macos'
HTTP server started on port 8888
]]></system-out>
  <system-err><![CDATA[]]></system-err>
</testsuite>
