<?xml version="1.0" encoding="UTF-8"?>
<testsuite name="com.jacobsmith.example.vertx_starter.JsonObjectExample" tests="1" skipped="0" failures="0" errors="0" timestamp="2022-12-18T09:08:04" hostname="JACOBPC" time="0.035">
  <properties/>
  <testcase name="jsonObjectCanBeMapped()" classname="com.jacobsmith.example.vertx_starter.JsonObjectExample" time="0.035"/>
  <system-out><![CDATA[]]></system-out>
  <system-err><![CDATA[]]></system-err>
</testsuite>
