<?xml version="1.0" encoding="UTF-8"?>
<testsuite name="com.jacobsmith.example.vertx_starter.JsonObjectExample" tests="1" skipped="0" failures="0" errors="0" timestamp="2023-01-14T07:51:02" hostname="JACOBPC" time="0.163">
  <properties/>
  <testcase name="canMapJavaObject()" classname="com.jacobsmith.example.vertx_starter.JsonObjectExample" time="0.163"/>
  <system-out><![CDATA[]]></system-out>
  <system-err><![CDATA[]]></system-err>
</testsuite>
